[12:17:03] [INIT] === HPC DEBUG TEST STARTED ===
[12:17:03] [INIT] Test size: 50 abstracts
[12:17:03] [INIT] Max cores: 2
[12:17:03] [INIT] Batch size: 10
[12:17:03] [DATA_LOAD] Loading consolidated dataset...
[12:17:03] [BEFORE_DATA_LOAD] Memory usage: 0.08GB
[12:17:03] [ERROR] consolidated_dataset.csv not found!
[12:17:30] [INIT] === HPC DEBUG TEST STARTED ===
[12:17:30] [INIT] Test size: 50 abstracts
[12:17:30] [INIT] Max cores: 2
[12:17:30] [INIT] Batch size: 10
[12:17:30] [DATA_LOAD] Loading consolidated dataset...
[12:17:30] [BEFORE_DATA_LOAD] Memory usage: 0.08GB
[12:17:43] [DATA_LOAD] Loaded 19380 total abstracts
[12:17:43] [DATA_LOAD] Using 50 abstracts for testing
[12:17:44] [AFTER_DATA_LOAD] Memory usage: 0.09GB
[12:17:44] [SPECIES_LOAD] Loading species reference data...
[12:17:44] [BEFORE_SPECIES_LOAD] Memory usage: 0.09GB
[12:17:44] [ERROR] species.rds not found!
[12:18:17] [INIT] === HPC DEBUG TEST STARTED ===
[12:18:17] [INIT] Test size: 50 abstracts
[12:18:17] [INIT] Max cores: 2
[12:18:17] [INIT] Batch size: 10
[12:18:17] [DATA_LOAD] Loading consolidated dataset...
[12:18:17] [BEFORE_DATA_LOAD] Memory usage: 0.09GB
[12:18:20] [DATA_LOAD] Loaded 19380 total abstracts
[12:18:20] [DATA_LOAD] Using 50 abstracts for testing
[12:18:21] [AFTER_DATA_LOAD] Memory usage: 0.09GB
[12:18:21] [SPECIES_LOAD] Loading species reference data...
[12:18:21] [BEFORE_SPECIES_LOAD] Memory usage: 0.09GB
[12:18:56] [SPECIES_LOAD] Loaded 1423021 species records
[12:18:57] [AFTER_SPECIES_LOAD] Memory usage: 0.76GB
[12:18:57] [PARALLEL_SETUP] Setting up parallel processing with max 2 cores...
[12:18:57] [PARALLEL_SETUP] Will use 2 cores
[12:18:57] [PARALLEL_SETUP] Creating PSOCK cluster...
[12:18:59] [PARALLEL_SETUP] Loading libraries on workers...
[12:19:02] [PARALLEL_SETUP] Libraries loaded successfully
[12:19:02] [LOOKUP] Creating lookup tables...
[12:19:05] [BEFORE_LOOKUP] Memory usage: 0.76GB
[12:22:38] [INIT] === HPC DEBUG TEST STARTED ===
[12:22:39] [INIT] Test size: 50 abstracts
[12:22:39] [INIT] Max cores: 2
[12:22:39] [INIT] Batch size: 10
[12:22:39] [DATA_LOAD] Loading consolidated dataset...
[12:22:51] [BEFORE_DATA_LOAD] Memory usage: 0.12GB
[12:22:53] [DATA_LOAD] Loaded 19380 total abstracts
[12:22:53] [DATA_LOAD] Using 50 abstracts for testing
[12:22:53] [AFTER_DATA_LOAD] Memory usage: 0.12GB
[12:22:53] [SPECIES_LOAD] Loading species reference data...
[12:22:53] [BEFORE_SPECIES_LOAD] Memory usage: 0.12GB
[12:23:07] [SPECIES_LOAD] Loaded 1423021 species records
[12:23:07] [AFTER_SPECIES_LOAD] Memory usage: 0.76GB
[12:23:07] [PARALLEL_SETUP] Setting up parallel processing with max 2 cores...
[12:23:07] [PARALLEL_SETUP] Will use 2 cores
[12:23:07] [PARALLEL_SETUP] Creating PSOCK cluster...
[12:23:08] [PARALLEL_SETUP] Loading libraries on workers...
[12:23:09] [PARALLEL_SETUP] Libraries loaded successfully
[12:23:09] [LOOKUP] Creating lookup tables...
[12:23:09] [BEFORE_LOOKUP] Memory usage: 0.76GB
[12:24:25] [LOOKUP] Lookup tables created
[12:24:26] [AFTER_LOOKUP] Memory usage: 0.94GB
[12:24:26] [BATCH_TEST] Starting batch processing test...
[12:24:26] [BATCH_TEST] Will process 5 batches
[12:24:26] [BATCH_TEST] Processing batch 1 (rows 1-10)
[12:24:26] [BATCH_TEST] Extracted batch with 10 abstracts
[12:24:26] [PARALLEL_TEST] Testing parallel processing...
[12:24:26] [PARALLEL_TEST] Exporting data to workers...
[12:25:17] [PARALLEL_TEST] Data exported successfully
[12:25:17] [PARALLEL_TEST] Starting parallel processing with timeout...
[12:27:46] [PARALLEL_TEST] Parallel processing failed: 4 nodes produced errors; first error: could not find function "debug_log"
[12:27:46] [CLEANUP] Stopping parallel cluster...
[12:27:46] [CLEANUP] Cluster stopped successfully
[12:27:46] [FINISH] === HPC DEBUG TEST COMPLETED ===
[12:27:47] [FINAL] Memory usage: 0.94GB
